-------------------------------------------------------------------------------
Test set: implementaciones.AlumnosDAOTest
-------------------------------------------------------------------------------
Tests run: 4, Failures: 0, Errors: 4, Skipped: 0, Time elapsed: 0.044 s <<< FAILURE! - in implementaciones.AlumnosDAOTest
testActualizar  Time elapsed: 0.031 s  <<< ERROR!
java.lang.NullPointerException: Cannot invoke "implementaciones.AlumnosDAO.actualizar(entidades.Alumno)" because "instance" is null
	at implementaciones.AlumnosDAOTest.testActualizar(AlumnosDAOTest.java:46)

testAgregar  Time elapsed: 0 s  <<< ERROR!
java.lang.RuntimeException: 
Uncompilable code - no suitable constructor found for Alumno(java.lang.String,java.lang.String,java.lang.String,java.lang.String)
    constructor entidades.Alumno.Alumno() is not applicable
      (actual and formal argument lists differ in length)
    constructor entidades.Alumno.Alumno(java.lang.Long,java.lang.String,java.lang.String,java.lang.String,java.lang.String,java.lang.String,java.util.List<entidades.Asistencia>) is not applicable
      (actual and formal argument lists differ in length)
	at implementaciones.AlumnosDAOTest.testAgregar(AlumnosDAOTest.java:1)

testConsultarTodos  Time elapsed: 0.002 s  <<< ERROR!
java.lang.NullPointerException: Cannot invoke "implementaciones.AlumnosDAO.consultarTodos()" because "instance" is null
	at implementaciones.AlumnosDAOTest.testConsultarTodos(AlumnosDAOTest.java:73)

testEliminar  Time elapsed: 0.001 s  <<< ERROR!
java.lang.NullPointerException: Cannot invoke "implementaciones.AlumnosDAO.eliminar(java.lang.Long)" because "instance" is null
	at implementaciones.AlumnosDAOTest.testEliminar(AlumnosDAOTest.java:60)

