<?xml version="1.0" encoding="UTF-8"?>
<testsuite xmlns:xsi="http://www.w3.org/2001/XMLSchema-instance" xsi:noNamespaceSchemaLocation="https://maven.apache.org/surefire/maven-surefire-plugin/xsd/surefire-test-report.xsd" name="implementaciones.AlumnosDAOTest" time="0.044" tests="4" errors="4" skipped="0" failures="0">
  <properties>
[...]
</properties>
  <testcase name="testActualizar" classname="implementaciones.AlumnosDAOTest" time="0.031">
    <error message="Cannot invoke &quot;implementaciones.AlumnosDAO.actualizar(entidades.Alumno)&quot; because &quot;instance&quot; is null" type="java.lang.NullPointerException">java.lang.NullPointerException: Cannot invoke "implementaciones.AlumnosDAO.actualizar(entidades.Alumno)" because "instance" is null
	at implementaciones.AlumnosDAOTest.testActualizar(AlumnosDAOTest.java:46)
</error>
    <system-out><![CDATA[actualizar
]]></system-out>
  </testcase>
  <testcase name="testAgregar" classname="implementaciones.AlumnosDAOTest" time="0">
    <error message="Uncompilable code - no suitable constructor found for Alumno(java.lang.String,java.lang.String,java.lang.String,java.lang.String)&#10;    constructor entidades.Alumno.Alumno() is not applicable&#10;      (actual and formal argument lists differ in length)&#10;    constructor entidades.Alumno.Alumno(java.lang.Long,java.lang.String,java.lang.String,java.lang.String,java.lang.String,java.lang.String,java.util.List&lt;entidades.Asistencia&gt;) is not applicable&#10;      (actual and formal argument lists differ in length)" type="java.lang.RuntimeException"><![CDATA[java.lang.RuntimeException: 
Uncompilable code - no suitable constructor found for Alumno(java.lang.String,java.lang.String,java.lang.String,java.lang.String)
    constructor entidades.Alumno.Alumno() is not applicable
      (actual and formal argument lists differ in length)
    constructor entidades.Alumno.Alumno(java.lang.Long,java.lang.String,java.lang.String,java.lang.String,java.lang.String,java.lang.String,java.util.List<entidades.Asistencia>) is not applicable
      (actual and formal argument lists differ in length)
	at implementaciones.AlumnosDAOTest.testAgregar(AlumnosDAOTest.java:1)
]]></error>
  </testcase>
  <testcase name="testConsultarTodos" classname="implementaciones.AlumnosDAOTest" time="0.002">
    <error message="Cannot invoke &quot;implementaciones.AlumnosDAO.consultarTodos()&quot; because &quot;instance&quot; is null" type="java.lang.NullPointerException">java.lang.NullPointerException: Cannot invoke "implementaciones.AlumnosDAO.consultarTodos()" because "instance" is null
	at implementaciones.AlumnosDAOTest.testConsultarTodos(AlumnosDAOTest.java:73)
</error>
    <system-out><![CDATA[consultarTodos
]]></system-out>
  </testcase>
  <testcase name="testEliminar" classname="implementaciones.AlumnosDAOTest" time="0.001">
    <error message="Cannot invoke &quot;implementaciones.AlumnosDAO.eliminar(java.lang.Long)&quot; because &quot;instance&quot; is null" type="java.lang.NullPointerException">java.lang.NullPointerException: Cannot invoke "implementaciones.AlumnosDAO.eliminar(java.lang.Long)" because "instance" is null
	at implementaciones.AlumnosDAOTest.testEliminar(AlumnosDAOTest.java:60)
</error>
    <system-out><![CDATA[eliminar
]]></system-out>
  </testcase>
</testsuite>